[2024-12-18T15:54:49.476+0000] {local_task_job_runner.py:123} INFO - ::group::Pre task execution logs
[2024-12-18T15:54:49.512+0000] {taskinstance.py:2612} INFO - Dependencies all met for dep_context=non-requeueable deps ti=<TaskInstance: get_inaturalist_data_roadkill.get_all_data scheduled__2024-12-18T15:00:00+00:00 [queued]>
[2024-12-18T15:54:49.531+0000] {taskinstance.py:2612} INFO - Dependencies all met for dep_context=requeueable deps ti=<TaskInstance: get_inaturalist_data_roadkill.get_all_data scheduled__2024-12-18T15:00:00+00:00 [queued]>
[2024-12-18T15:54:49.532+0000] {taskinstance.py:2865} INFO - Starting attempt 1 of 4
[2024-12-18T15:54:49.570+0000] {taskinstance.py:2888} INFO - Executing <Task(_PythonDecoratedOperator): get_all_data> on 2024-12-18 15:00:00+00:00
[2024-12-18T15:54:49.586+0000] {warnings.py:112} WARNING - /home/***/.local/lib/python3.12/site-packages/***/task/task_runner/standard_task_runner.py:70: DeprecationWarning: This process (pid=60) is multi-threaded, use of fork() may lead to deadlocks in the child.
  pid = os.fork()

[2024-12-18T15:54:49.588+0000] {standard_task_runner.py:72} INFO - Started process 77 to run task
[2024-12-18T15:54:49.589+0000] {standard_task_runner.py:104} INFO - Running: ['***', 'tasks', 'run', 'get_inaturalist_data_roadkill', 'get_all_data', 'scheduled__2024-12-18T15:00:00+00:00', '--job-id', '186', '--raw', '--subdir', 'DAGS_FOLDER/inaturalist_dag.py', '--cfg-path', '/tmp/tmpcrdnuh7v']
[2024-12-18T15:54:49.593+0000] {standard_task_runner.py:105} INFO - Job 186: Subtask get_all_data
[2024-12-18T15:54:49.677+0000] {task_command.py:467} INFO - Running <TaskInstance: get_inaturalist_data_roadkill.get_all_data scheduled__2024-12-18T15:00:00+00:00 [running]> on host 5aac2a1ca36c
[2024-12-18T15:54:49.957+0000] {taskinstance.py:3131} INFO - Exporting env vars: AIRFLOW_CTX_DAG_OWNER='***' AIRFLOW_CTX_DAG_ID='get_inaturalist_data_roadkill' AIRFLOW_CTX_TASK_ID='get_all_data' AIRFLOW_CTX_EXECUTION_DATE='2024-12-18T15:00:00+00:00' AIRFLOW_CTX_TRY_NUMBER='1' AIRFLOW_CTX_DAG_RUN_ID='scheduled__2024-12-18T15:00:00+00:00'
[2024-12-18T15:54:49.960+0000] {taskinstance.py:731} INFO - ::endgroup::
[2024-12-18T15:54:49.970+0000] {inaturalist_dag.py:150} INFO - Getting data from keyword: roadkill
[2024-12-18T15:54:50.091+0000] {inaturalist_dag.py:41} INFO - Maximum id 148367188 for the request
[2024-12-18T15:54:54.708+0000] {inaturalist_dag.py:58} INFO - Got 200 results
[2024-12-18T15:54:54.746+0000] {inaturalist_dag.py:163} INFO - Extracted 200 observations
[2024-12-18T15:54:54.746+0000] {inaturalist_dag.py:41} INFO - Maximum id 148876155 for the request
[2024-12-18T15:54:58.496+0000] {inaturalist_dag.py:58} INFO - Got 200 results
[2024-12-18T15:54:58.537+0000] {inaturalist_dag.py:163} INFO - Extracted 400 observations
[2024-12-18T15:54:58.538+0000] {inaturalist_dag.py:41} INFO - Maximum id 149108328 for the request
[2024-12-18T15:55:03.329+0000] {inaturalist_dag.py:58} INFO - Got 200 results
[2024-12-18T15:55:03.357+0000] {inaturalist_dag.py:163} INFO - Extracted 600 observations
[2024-12-18T15:55:03.358+0000] {inaturalist_dag.py:41} INFO - Maximum id 150620192 for the request
[2024-12-18T15:55:06.962+0000] {inaturalist_dag.py:58} INFO - Got 200 results
[2024-12-18T15:55:06.995+0000] {inaturalist_dag.py:163} INFO - Extracted 800 observations
[2024-12-18T15:55:06.995+0000] {inaturalist_dag.py:41} INFO - Maximum id 151018818 for the request
[2024-12-18T15:55:11.640+0000] {inaturalist_dag.py:58} INFO - Got 200 results
[2024-12-18T15:55:11.661+0000] {inaturalist_dag.py:163} INFO - Extracted 1000 observations
[2024-12-18T15:55:11.661+0000] {inaturalist_dag.py:41} INFO - Maximum id 152150334 for the request
[2024-12-18T15:55:15.894+0000] {inaturalist_dag.py:58} INFO - Got 200 results
[2024-12-18T15:55:15.919+0000] {inaturalist_dag.py:163} INFO - Extracted 1200 observations
[2024-12-18T15:55:15.919+0000] {inaturalist_dag.py:41} INFO - Maximum id 152960140 for the request
[2024-12-18T15:55:19.150+0000] {inaturalist_dag.py:58} INFO - Got 200 results
[2024-12-18T15:55:19.179+0000] {inaturalist_dag.py:163} INFO - Extracted 1400 observations
[2024-12-18T15:55:19.180+0000] {inaturalist_dag.py:41} INFO - Maximum id 153503254 for the request
[2024-12-18T15:55:23.210+0000] {inaturalist_dag.py:58} INFO - Got 200 results
[2024-12-18T15:55:23.242+0000] {inaturalist_dag.py:163} INFO - Extracted 1600 observations
[2024-12-18T15:55:23.242+0000] {inaturalist_dag.py:41} INFO - Maximum id 154734403 for the request
[2024-12-18T15:55:26.934+0000] {inaturalist_dag.py:58} INFO - Got 200 results
[2024-12-18T15:55:26.976+0000] {inaturalist_dag.py:163} INFO - Extracted 1800 observations
[2024-12-18T15:55:26.977+0000] {inaturalist_dag.py:41} INFO - Maximum id 155560389 for the request
[2024-12-18T15:55:32.484+0000] {inaturalist_dag.py:58} INFO - Got 200 results
[2024-12-18T15:55:32.513+0000] {inaturalist_dag.py:163} INFO - Extracted 2000 observations
[2024-12-18T15:55:32.513+0000] {inaturalist_dag.py:41} INFO - Maximum id 158685352 for the request
[2024-12-18T15:55:38.395+0000] {inaturalist_dag.py:58} INFO - Got 200 results
[2024-12-18T15:55:38.433+0000] {inaturalist_dag.py:163} INFO - Extracted 2200 observations
[2024-12-18T15:55:38.434+0000] {inaturalist_dag.py:41} INFO - Maximum id 161751421 for the request
[2024-12-18T15:55:46.092+0000] {inaturalist_dag.py:58} INFO - Got 200 results
[2024-12-18T15:55:46.136+0000] {inaturalist_dag.py:163} INFO - Extracted 2400 observations
[2024-12-18T15:55:46.137+0000] {inaturalist_dag.py:41} INFO - Maximum id 164205528 for the request
[2024-12-18T15:55:51.153+0000] {inaturalist_dag.py:58} INFO - Got 200 results
[2024-12-18T15:55:51.190+0000] {inaturalist_dag.py:163} INFO - Extracted 2600 observations
[2024-12-18T15:55:51.190+0000] {inaturalist_dag.py:41} INFO - Maximum id 166873304 for the request
[2024-12-18T15:55:56.394+0000] {inaturalist_dag.py:58} INFO - Got 200 results
[2024-12-18T15:55:56.429+0000] {inaturalist_dag.py:163} INFO - Extracted 2800 observations
[2024-12-18T15:55:56.429+0000] {inaturalist_dag.py:41} INFO - Maximum id 169879980 for the request
[2024-12-18T15:56:01.649+0000] {inaturalist_dag.py:58} INFO - Got 200 results
[2024-12-18T15:56:01.687+0000] {inaturalist_dag.py:163} INFO - Extracted 3000 observations
[2024-12-18T15:56:01.687+0000] {inaturalist_dag.py:41} INFO - Maximum id 173399539 for the request
[2024-12-18T15:56:06.789+0000] {inaturalist_dag.py:58} INFO - Got 200 results
[2024-12-18T15:56:06.826+0000] {inaturalist_dag.py:163} INFO - Extracted 3200 observations
[2024-12-18T15:56:06.827+0000] {inaturalist_dag.py:41} INFO - Maximum id 176607638 for the request
[2024-12-18T15:56:11.857+0000] {inaturalist_dag.py:58} INFO - Got 200 results
[2024-12-18T15:56:11.885+0000] {inaturalist_dag.py:163} INFO - Extracted 3400 observations
[2024-12-18T15:56:11.886+0000] {inaturalist_dag.py:41} INFO - Maximum id 179429841 for the request
[2024-12-18T15:56:16.802+0000] {inaturalist_dag.py:58} INFO - Got 200 results
[2024-12-18T15:56:16.858+0000] {inaturalist_dag.py:163} INFO - Extracted 3600 observations
[2024-12-18T15:56:16.858+0000] {inaturalist_dag.py:41} INFO - Maximum id 182046074 for the request
[2024-12-18T15:56:22.004+0000] {inaturalist_dag.py:58} INFO - Got 200 results
[2024-12-18T15:56:22.035+0000] {inaturalist_dag.py:163} INFO - Extracted 3800 observations
[2024-12-18T15:56:22.036+0000] {inaturalist_dag.py:41} INFO - Maximum id 184200847 for the request
[2024-12-18T15:56:27.618+0000] {inaturalist_dag.py:58} INFO - Got 200 results
[2024-12-18T15:56:27.674+0000] {inaturalist_dag.py:163} INFO - Extracted 4000 observations
[2024-12-18T15:56:27.674+0000] {inaturalist_dag.py:41} INFO - Maximum id 186159914 for the request
[2024-12-18T15:56:32.658+0000] {inaturalist_dag.py:58} INFO - Got 200 results
[2024-12-18T15:56:32.696+0000] {inaturalist_dag.py:163} INFO - Extracted 4200 observations
[2024-12-18T15:56:32.697+0000] {inaturalist_dag.py:41} INFO - Maximum id 188186590 for the request
[2024-12-18T15:56:37.296+0000] {inaturalist_dag.py:58} INFO - Got 200 results
[2024-12-18T15:56:37.326+0000] {inaturalist_dag.py:163} INFO - Extracted 4400 observations
[2024-12-18T15:56:37.327+0000] {inaturalist_dag.py:41} INFO - Maximum id 189646167 for the request
[2024-12-18T15:56:42.350+0000] {inaturalist_dag.py:58} INFO - Got 200 results
[2024-12-18T15:56:42.378+0000] {inaturalist_dag.py:163} INFO - Extracted 4600 observations
[2024-12-18T15:56:42.378+0000] {inaturalist_dag.py:41} INFO - Maximum id 191028618 for the request
[2024-12-18T15:56:45.796+0000] {inaturalist_dag.py:58} INFO - Got 200 results
[2024-12-18T15:56:45.819+0000] {inaturalist_dag.py:163} INFO - Extracted 4800 observations
[2024-12-18T15:56:45.820+0000] {inaturalist_dag.py:41} INFO - Maximum id 191316510 for the request
[2024-12-18T15:56:50.238+0000] {inaturalist_dag.py:58} INFO - Got 200 results
[2024-12-18T15:56:50.266+0000] {inaturalist_dag.py:163} INFO - Extracted 5000 observations
[2024-12-18T15:56:50.268+0000] {inaturalist_dag.py:41} INFO - Maximum id 192031590 for the request
[2024-12-18T15:56:54.464+0000] {inaturalist_dag.py:58} INFO - Got 200 results
[2024-12-18T15:56:54.490+0000] {inaturalist_dag.py:163} INFO - Extracted 5200 observations
[2024-12-18T15:56:54.490+0000] {inaturalist_dag.py:170} INFO - Max number of results per file reached, updating maximum_id variable to 192762750
[2024-12-18T15:56:54.501+0000] {crypto.py:82} WARNING - empty cryptography key - values will not be stored encrypted.
[2024-12-18T15:56:54.504+0000] {taskinstance.py:3310} ERROR - Task failed with exception
Traceback (most recent call last):
  File "/home/airflow/.local/lib/python3.12/site-packages/sqlalchemy/engine/base.py", line 1910, in _execute_context
    self.dialect.do_execute(
  File "/home/airflow/.local/lib/python3.12/site-packages/sqlalchemy/engine/default.py", line 736, in do_execute
    cursor.execute(statement, parameters)
psycopg2.errors.UniqueViolation: duplicate key value violates unique constraint "variable_key_uq"
DETAIL:  Key (key)=(inaturalist_roadkill_latest_observation_id) already exists.


The above exception was the direct cause of the following exception:

Traceback (most recent call last):
  File "/home/airflow/.local/lib/python3.12/site-packages/airflow/models/taskinstance.py", line 767, in _execute_task
    result = _execute_callable(context=context, **execute_callable_kwargs)
             ^^^^^^^^^^^^^^^^^^^^^^^^^^^^^^^^^^^^^^^^^^^^^^^^^^^^^^^^^^^^^
  File "/home/airflow/.local/lib/python3.12/site-packages/airflow/models/taskinstance.py", line 733, in _execute_callable
    return ExecutionCallableRunner(
           ^^^^^^^^^^^^^^^^^^^^^^^^
  File "/home/airflow/.local/lib/python3.12/site-packages/airflow/utils/operator_helpers.py", line 252, in run
    return self.func(*args, **kwargs)
           ^^^^^^^^^^^^^^^^^^^^^^^^^^
  File "/home/airflow/.local/lib/python3.12/site-packages/airflow/models/baseoperator.py", line 406, in wrapper
    return func(self, *args, **kwargs)
           ^^^^^^^^^^^^^^^^^^^^^^^^^^^
  File "/home/airflow/.local/lib/python3.12/site-packages/airflow/decorators/base.py", line 266, in execute
    return_value = super().execute(context)
                   ^^^^^^^^^^^^^^^^^^^^^^^^
  File "/home/airflow/.local/lib/python3.12/site-packages/airflow/models/baseoperator.py", line 406, in wrapper
    return func(self, *args, **kwargs)
           ^^^^^^^^^^^^^^^^^^^^^^^^^^^
  File "/home/airflow/.local/lib/python3.12/site-packages/airflow/operators/python.py", line 238, in execute
    return_value = self.execute_callable()
                   ^^^^^^^^^^^^^^^^^^^^^^^
  File "/home/airflow/.local/lib/python3.12/site-packages/airflow/operators/python.py", line 256, in execute_callable
    return runner.run(*self.op_args, **self.op_kwargs)
           ^^^^^^^^^^^^^^^^^^^^^^^^^^^^^^^^^^^^^^^^^^^
  File "/home/airflow/.local/lib/python3.12/site-packages/airflow/utils/operator_helpers.py", line 252, in run
    return self.func(*args, **kwargs)
           ^^^^^^^^^^^^^^^^^^^^^^^^^^
  File "/opt/airflow/dags/inaturalist_dag.py", line 172, in get_all_data
    Variable.set(f"inaturalist_{keyword}_latest_observation_id", maximum_id)
  File "/home/airflow/.local/lib/python3.12/site-packages/airflow/utils/session.py", line 97, in wrapper
    return func(*args, session=session, **kwargs)
           ^^^^^^^^^^^^^^^^^^^^^^^^^^^^^^^^^^^^^^
  File "/home/airflow/.local/lib/python3.12/site-packages/airflow/models/variable.py", line 175, in set
    Variable._set(
  File "/home/airflow/.local/lib/python3.12/site-packages/airflow/utils/session.py", line 94, in wrapper
    return func(*args, **kwargs)
           ^^^^^^^^^^^^^^^^^^^^^
  File "/home/airflow/.local/lib/python3.12/site-packages/airflow/api_internal/internal_api_call.py", line 139, in wrapper
    return func(*args, **kwargs)
           ^^^^^^^^^^^^^^^^^^^^^
  File "/home/airflow/.local/lib/python3.12/site-packages/airflow/models/variable.py", line 213, in _set
    session.flush()
  File "/home/airflow/.local/lib/python3.12/site-packages/sqlalchemy/orm/session.py", line 3449, in flush
    self._flush(objects)
  File "/home/airflow/.local/lib/python3.12/site-packages/sqlalchemy/orm/session.py", line 3588, in _flush
    with util.safe_reraise():
         ^^^^^^^^^^^^^^^^^^^
  File "/home/airflow/.local/lib/python3.12/site-packages/sqlalchemy/util/langhelpers.py", line 70, in __exit__
    compat.raise_(
  File "/home/airflow/.local/lib/python3.12/site-packages/sqlalchemy/util/compat.py", line 211, in raise_
    raise exception
  File "/home/airflow/.local/lib/python3.12/site-packages/sqlalchemy/orm/session.py", line 3549, in _flush
    flush_context.execute()
  File "/home/airflow/.local/lib/python3.12/site-packages/sqlalchemy/orm/unitofwork.py", line 456, in execute
    rec.execute(self)
  File "/home/airflow/.local/lib/python3.12/site-packages/sqlalchemy/orm/unitofwork.py", line 630, in execute
    util.preloaded.orm_persistence.save_obj(
  File "/home/airflow/.local/lib/python3.12/site-packages/sqlalchemy/orm/persistence.py", line 245, in save_obj
    _emit_insert_statements(
  File "/home/airflow/.local/lib/python3.12/site-packages/sqlalchemy/orm/persistence.py", line 1238, in _emit_insert_statements
    result = connection._execute_20(
             ^^^^^^^^^^^^^^^^^^^^^^^
  File "/home/airflow/.local/lib/python3.12/site-packages/sqlalchemy/engine/base.py", line 1710, in _execute_20
    return meth(self, args_10style, kwargs_10style, execution_options)
           ^^^^^^^^^^^^^^^^^^^^^^^^^^^^^^^^^^^^^^^^^^^^^^^^^^^^^^^^^^^
  File "/home/airflow/.local/lib/python3.12/site-packages/sqlalchemy/sql/elements.py", line 334, in _execute_on_connection
    return connection._execute_clauseelement(
           ^^^^^^^^^^^^^^^^^^^^^^^^^^^^^^^^^^
  File "/home/airflow/.local/lib/python3.12/site-packages/sqlalchemy/engine/base.py", line 1577, in _execute_clauseelement
    ret = self._execute_context(
          ^^^^^^^^^^^^^^^^^^^^^^
  File "/home/airflow/.local/lib/python3.12/site-packages/sqlalchemy/engine/base.py", line 1953, in _execute_context
    self._handle_dbapi_exception(
  File "/home/airflow/.local/lib/python3.12/site-packages/sqlalchemy/engine/base.py", line 2134, in _handle_dbapi_exception
    util.raise_(
  File "/home/airflow/.local/lib/python3.12/site-packages/sqlalchemy/util/compat.py", line 211, in raise_
    raise exception
  File "/home/airflow/.local/lib/python3.12/site-packages/sqlalchemy/engine/base.py", line 1910, in _execute_context
    self.dialect.do_execute(
  File "/home/airflow/.local/lib/python3.12/site-packages/sqlalchemy/engine/default.py", line 736, in do_execute
    cursor.execute(statement, parameters)
sqlalchemy.exc.IntegrityError: (psycopg2.errors.UniqueViolation) duplicate key value violates unique constraint "variable_key_uq"
DETAIL:  Key (key)=(inaturalist_roadkill_latest_observation_id) already exists.

[SQL: INSERT INTO variable (key, val, description, is_encrypted) VALUES (%(key)s, %(val)s, %(description)s, %(is_encrypted)s) RETURNING variable.id]
[parameters: {'key': 'inaturalist_roadkill_latest_observation_id', 'val': '192762750', 'description': None, 'is_encrypted': False}]
(Background on this error at: https://sqlalche.me/e/14/gkpj)
[2024-12-18T15:56:54.524+0000] {taskinstance.py:1225} INFO - Marking task as UP_FOR_RETRY. dag_id=get_inaturalist_data_roadkill, task_id=get_all_data, run_id=scheduled__2024-12-18T15:00:00+00:00, execution_date=20241218T150000, start_date=20241218T155449, end_date=20241218T155654
[2024-12-18T15:56:54.539+0000] {taskinstance.py:340} INFO - ::group::Post task execution logs
[2024-12-18T15:56:54.540+0000] {standard_task_runner.py:124} ERROR - Failed to execute job 186 for task get_all_data ((psycopg2.errors.UniqueViolation) duplicate key value violates unique constraint "variable_key_uq"
DETAIL:  Key (key)=(inaturalist_roadkill_latest_observation_id) already exists.

[SQL: INSERT INTO variable (key, val, description, is_encrypted) VALUES (%(key)s, %(val)s, %(description)s, %(is_encrypted)s) RETURNING variable.id]
[parameters: {'key': 'inaturalist_roadkill_latest_observation_id', 'val': '192762750', 'description': None, 'is_encrypted': False}]
(Background on this error at: https://sqlalche.me/e/14/gkpj); 77)
Traceback (most recent call last):
  File "/home/airflow/.local/lib/python3.12/site-packages/sqlalchemy/engine/base.py", line 1910, in _execute_context
    self.dialect.do_execute(
  File "/home/airflow/.local/lib/python3.12/site-packages/sqlalchemy/engine/default.py", line 736, in do_execute
    cursor.execute(statement, parameters)
psycopg2.errors.UniqueViolation: duplicate key value violates unique constraint "variable_key_uq"
DETAIL:  Key (key)=(inaturalist_roadkill_latest_observation_id) already exists.


The above exception was the direct cause of the following exception:

Traceback (most recent call last):
  File "/home/airflow/.local/lib/python3.12/site-packages/airflow/task/task_runner/standard_task_runner.py", line 117, in _start_by_fork
    ret = args.func(args, dag=self.dag)
          ^^^^^^^^^^^^^^^^^^^^^^^^^^^^^
  File "/home/airflow/.local/lib/python3.12/site-packages/airflow/cli/cli_config.py", line 49, in command
    return func(*args, **kwargs)
           ^^^^^^^^^^^^^^^^^^^^^
  File "/home/airflow/.local/lib/python3.12/site-packages/airflow/utils/cli.py", line 115, in wrapper
    return f(*args, **kwargs)
           ^^^^^^^^^^^^^^^^^^
  File "/home/airflow/.local/lib/python3.12/site-packages/airflow/cli/commands/task_command.py", line 483, in task_run
    task_return_code = _run_task_by_selected_method(args, _dag, ti)
                       ^^^^^^^^^^^^^^^^^^^^^^^^^^^^^^^^^^^^^^^^^^^^
  File "/home/airflow/.local/lib/python3.12/site-packages/airflow/cli/commands/task_command.py", line 256, in _run_task_by_selected_method
    return _run_raw_task(args, ti)
           ^^^^^^^^^^^^^^^^^^^^^^^
  File "/home/airflow/.local/lib/python3.12/site-packages/airflow/cli/commands/task_command.py", line 341, in _run_raw_task
    return ti._run_raw_task(
           ^^^^^^^^^^^^^^^^^
  File "/home/airflow/.local/lib/python3.12/site-packages/airflow/utils/session.py", line 97, in wrapper
    return func(*args, session=session, **kwargs)
           ^^^^^^^^^^^^^^^^^^^^^^^^^^^^^^^^^^^^^^
  File "/home/airflow/.local/lib/python3.12/site-packages/airflow/models/taskinstance.py", line 3004, in _run_raw_task
    return _run_raw_task(
           ^^^^^^^^^^^^^^
  File "/home/airflow/.local/lib/python3.12/site-packages/airflow/models/taskinstance.py", line 273, in _run_raw_task
    TaskInstance._execute_task_with_callbacks(
  File "/home/airflow/.local/lib/python3.12/site-packages/airflow/models/taskinstance.py", line 3158, in _execute_task_with_callbacks
    result = self._execute_task(context, task_orig)
             ^^^^^^^^^^^^^^^^^^^^^^^^^^^^^^^^^^^^^^
  File "/home/airflow/.local/lib/python3.12/site-packages/airflow/models/taskinstance.py", line 3182, in _execute_task
    return _execute_task(self, context, task_orig)
           ^^^^^^^^^^^^^^^^^^^^^^^^^^^^^^^^^^^^^^^
  File "/home/airflow/.local/lib/python3.12/site-packages/airflow/models/taskinstance.py", line 767, in _execute_task
    result = _execute_callable(context=context, **execute_callable_kwargs)
             ^^^^^^^^^^^^^^^^^^^^^^^^^^^^^^^^^^^^^^^^^^^^^^^^^^^^^^^^^^^^^
  File "/home/airflow/.local/lib/python3.12/site-packages/airflow/models/taskinstance.py", line 733, in _execute_callable
    return ExecutionCallableRunner(
           ^^^^^^^^^^^^^^^^^^^^^^^^
  File "/home/airflow/.local/lib/python3.12/site-packages/airflow/utils/operator_helpers.py", line 252, in run
    return self.func(*args, **kwargs)
           ^^^^^^^^^^^^^^^^^^^^^^^^^^
  File "/home/airflow/.local/lib/python3.12/site-packages/airflow/models/baseoperator.py", line 406, in wrapper
    return func(self, *args, **kwargs)
           ^^^^^^^^^^^^^^^^^^^^^^^^^^^
  File "/home/airflow/.local/lib/python3.12/site-packages/airflow/decorators/base.py", line 266, in execute
    return_value = super().execute(context)
                   ^^^^^^^^^^^^^^^^^^^^^^^^
  File "/home/airflow/.local/lib/python3.12/site-packages/airflow/models/baseoperator.py", line 406, in wrapper
    return func(self, *args, **kwargs)
           ^^^^^^^^^^^^^^^^^^^^^^^^^^^
  File "/home/airflow/.local/lib/python3.12/site-packages/airflow/operators/python.py", line 238, in execute
    return_value = self.execute_callable()
                   ^^^^^^^^^^^^^^^^^^^^^^^
  File "/home/airflow/.local/lib/python3.12/site-packages/airflow/operators/python.py", line 256, in execute_callable
    return runner.run(*self.op_args, **self.op_kwargs)
           ^^^^^^^^^^^^^^^^^^^^^^^^^^^^^^^^^^^^^^^^^^^
  File "/home/airflow/.local/lib/python3.12/site-packages/airflow/utils/operator_helpers.py", line 252, in run
    return self.func(*args, **kwargs)
           ^^^^^^^^^^^^^^^^^^^^^^^^^^
  File "/opt/airflow/dags/inaturalist_dag.py", line 172, in get_all_data
    Variable.set(f"inaturalist_{keyword}_latest_observation_id", maximum_id)
  File "/home/airflow/.local/lib/python3.12/site-packages/airflow/utils/session.py", line 97, in wrapper
    return func(*args, session=session, **kwargs)
           ^^^^^^^^^^^^^^^^^^^^^^^^^^^^^^^^^^^^^^
  File "/home/airflow/.local/lib/python3.12/site-packages/airflow/models/variable.py", line 175, in set
    Variable._set(
  File "/home/airflow/.local/lib/python3.12/site-packages/airflow/utils/session.py", line 94, in wrapper
    return func(*args, **kwargs)
           ^^^^^^^^^^^^^^^^^^^^^
  File "/home/airflow/.local/lib/python3.12/site-packages/airflow/api_internal/internal_api_call.py", line 139, in wrapper
    return func(*args, **kwargs)
           ^^^^^^^^^^^^^^^^^^^^^
  File "/home/airflow/.local/lib/python3.12/site-packages/airflow/models/variable.py", line 213, in _set
    session.flush()
  File "/home/airflow/.local/lib/python3.12/site-packages/sqlalchemy/orm/session.py", line 3449, in flush
    self._flush(objects)
  File "/home/airflow/.local/lib/python3.12/site-packages/sqlalchemy/orm/session.py", line 3588, in _flush
    with util.safe_reraise():
         ^^^^^^^^^^^^^^^^^^^
  File "/home/airflow/.local/lib/python3.12/site-packages/sqlalchemy/util/langhelpers.py", line 70, in __exit__
    compat.raise_(
  File "/home/airflow/.local/lib/python3.12/site-packages/sqlalchemy/util/compat.py", line 211, in raise_
    raise exception
  File "/home/airflow/.local/lib/python3.12/site-packages/sqlalchemy/orm/session.py", line 3549, in _flush
    flush_context.execute()
  File "/home/airflow/.local/lib/python3.12/site-packages/sqlalchemy/orm/unitofwork.py", line 456, in execute
    rec.execute(self)
  File "/home/airflow/.local/lib/python3.12/site-packages/sqlalchemy/orm/unitofwork.py", line 630, in execute
    util.preloaded.orm_persistence.save_obj(
  File "/home/airflow/.local/lib/python3.12/site-packages/sqlalchemy/orm/persistence.py", line 245, in save_obj
    _emit_insert_statements(
  File "/home/airflow/.local/lib/python3.12/site-packages/sqlalchemy/orm/persistence.py", line 1238, in _emit_insert_statements
    result = connection._execute_20(
             ^^^^^^^^^^^^^^^^^^^^^^^
  File "/home/airflow/.local/lib/python3.12/site-packages/sqlalchemy/engine/base.py", line 1710, in _execute_20
    return meth(self, args_10style, kwargs_10style, execution_options)
           ^^^^^^^^^^^^^^^^^^^^^^^^^^^^^^^^^^^^^^^^^^^^^^^^^^^^^^^^^^^
  File "/home/airflow/.local/lib/python3.12/site-packages/sqlalchemy/sql/elements.py", line 334, in _execute_on_connection
    return connection._execute_clauseelement(
           ^^^^^^^^^^^^^^^^^^^^^^^^^^^^^^^^^^
  File "/home/airflow/.local/lib/python3.12/site-packages/sqlalchemy/engine/base.py", line 1577, in _execute_clauseelement
    ret = self._execute_context(
          ^^^^^^^^^^^^^^^^^^^^^^
  File "/home/airflow/.local/lib/python3.12/site-packages/sqlalchemy/engine/base.py", line 1953, in _execute_context
    self._handle_dbapi_exception(
  File "/home/airflow/.local/lib/python3.12/site-packages/sqlalchemy/engine/base.py", line 2134, in _handle_dbapi_exception
    util.raise_(
  File "/home/airflow/.local/lib/python3.12/site-packages/sqlalchemy/util/compat.py", line 211, in raise_
    raise exception
  File "/home/airflow/.local/lib/python3.12/site-packages/sqlalchemy/engine/base.py", line 1910, in _execute_context
    self.dialect.do_execute(
  File "/home/airflow/.local/lib/python3.12/site-packages/sqlalchemy/engine/default.py", line 736, in do_execute
    cursor.execute(statement, parameters)
sqlalchemy.exc.IntegrityError: (psycopg2.errors.UniqueViolation) duplicate key value violates unique constraint "variable_key_uq"
DETAIL:  Key (key)=(inaturalist_roadkill_latest_observation_id) already exists.

[SQL: INSERT INTO variable (key, val, description, is_encrypted) VALUES (%(key)s, %(val)s, %(description)s, %(is_encrypted)s) RETURNING variable.id]
[parameters: {'key': 'inaturalist_roadkill_latest_observation_id', 'val': '192762750', 'description': None, 'is_encrypted': False}]
(Background on this error at: https://sqlalche.me/e/14/gkpj)
[2024-12-18T15:56:54.571+0000] {local_task_job_runner.py:266} INFO - Task exited with return code 1
[2024-12-18T15:56:54.588+0000] {taskinstance.py:3900} INFO - 0 downstream tasks scheduled from follow-on schedule check
[2024-12-18T15:56:54.590+0000] {local_task_job_runner.py:245} INFO - ::endgroup::
